Aug 19, 2021 10:58:11 AM org.ssglobal.training.codes.FunList enableDisplay
INFO: Executing enableDisplay() method
Aug 19, 2021 10:58:11 AM org.ssglobal.training.codes.FunList enableDisplay
WARNING: Custom Date is deprecated
Aug 19, 2021 10:58:11 AM org.ssglobal.training.codes.FunList showLines
INFO: Executing showLines() method
Aug 19, 2021 10:58:11 AM org.ssglobal.training.codes.FunList showLines
INFO: Exit showLines() method without errors
Aug 19, 2021 10:58:11 AM org.ssglobal.training.codes.FunList enableDisplay
INFO: Exit enableDisplay() without errors
Aug 19, 2021 10:58:13 AM org.ssglobal.training.codes.FunList enableDisplay
INFO: Executing enableDisplay() method
Aug 19, 2021 10:58:13 AM org.ssglobal.training.codes.FunList enableDisplay
WARNING: Custom Date is deprecated
Aug 19, 2021 10:58:13 AM org.ssglobal.training.codes.FunList showLines
INFO: Executing showLines() method
Aug 19, 2021 10:58:13 AM org.ssglobal.training.codes.FunList showLines
INFO: Exit showLines() method without errors
Aug 19, 2021 10:58:13 AM org.ssglobal.training.codes.FunList enableDisplay
INFO: Exit enableDisplay() without errors
Aug 19, 2021 10:58:14 AM org.ssglobal.training.codes.FunList enableDisplay
INFO: Executing enableDisplay() method
Aug 19, 2021 10:58:14 AM org.ssglobal.training.codes.FunList enableDisplay
WARNING: Custom Date is deprecated
Aug 19, 2021 10:58:14 AM org.ssglobal.training.codes.FunList showLines
INFO: Executing showLines() method
Aug 19, 2021 10:58:14 AM org.ssglobal.training.codes.FunList showLines
INFO: Exit showLines() method without errors
Aug 19, 2021 10:58:14 AM org.ssglobal.training.codes.FunList enableDisplay
INFO: Exit enableDisplay() without errors
Aug 19, 2021 10:58:18 AM org.ssglobal.training.codes.FunList enableDisplay
INFO: Executing enableDisplay() method
Aug 19, 2021 10:58:18 AM org.ssglobal.training.codes.FunList enableDisplay
WARNING: Custom Date is deprecated
Aug 19, 2021 10:58:18 AM org.ssglobal.training.codes.FunList showLines
INFO: Executing showLines() method
Aug 19, 2021 10:58:18 AM org.ssglobal.training.codes.FunList showLines
INFO: Exit showLines() method without errors
Aug 19, 2021 10:58:18 AM org.ssglobal.training.codes.FunList enableDisplay
INFO: Exit enableDisplay() without errors
Aug 19, 2021 11:26:15 AM org.ssglobal.training.codes.FunList enableDisplay
INFO: Executing enableDisplay() method
Aug 19, 2021 11:26:15 AM org.ssglobal.training.codes.FunList enableDisplay
WARNING: Custom Date is deprecated
Aug 19, 2021 11:26:15 AM org.ssglobal.training.codes.FunList showLines
INFO: Executing showLines() method
Aug 19, 2021 11:26:15 AM org.ssglobal.training.codes.FunList showLines
INFO: Exit showLines() method without errors
Aug 19, 2021 11:26:15 AM org.ssglobal.training.codes.FunList enableDisplay
INFO: Exit enableDisplay() without errors
